C51 COMPILER V9.54   MIAN                                                                  09/25/2021 22:23:55 PAGE 1   


C51 COMPILER V9.54, COMPILATION OF MODULE MIAN
OBJECT MODULE PLACED IN .\Objects\mian.obj
COMPILER INVOKED BY: C:\xuexigongju\keil\C51\BIN\C51.EXE mian.c OPTIMIZE(8,SPEED) BROWSE DEBUG OBJECTEXTEND PRINT(.\List
                    -ings\mian.lst) TABS(2) OBJECT(.\Objects\mian.obj)

line level    source

   1          #include "reg52.h"
   2          #include "Timer.h"
   3          #include "USART.h"
   4          
   5          sbit pwm = P1^0;    //舵机信号
   6          unsigned int pwm_num = 14;  //（5~20）*100us舵机高电平所占时间  总周期200*100us
   7          
   8          void main(void)
   9          {
  10   1        IP = 0X10;  //设置串口为高优先级
  11   1        USART_Init(); //串口初始化函数  9600
  12   1        Timer0_Init();  //定时器0初始化
  13   1        for(;;) //主循环
  14   1        {
  15   2          if(uart_state&0X80) //接收到信息
  16   2          {
  17   3            if(uart_BUF[0] == 'R')
  18   3            {
  19   4              if(uart_BUF[1] == '0')  //负角度
  20   4                pwm_num = 14 - (uart_BUF[2]/10);
  21   4              else if(uart_BUF[1] == '1') //正角度
  22   4              {
  23   5                if(uart_BUF[2] >= 50) //若正方向角度大于50度则按50度算
  24   5                {
  25   6                  uart_BUF[2] = 50;
  26   6                }
  27   5                pwm_num = 14 + (uart_BUF[2]/10);
  28   5              }
  29   4              else;
  30   4            }
  31   3            uart_state = 0x00;
  32   3          }
  33   2        }
  34   1      }
  35          
  36          void Timer0_INT() interrupt 1 //定时器0中断
  37          {
  38   1        static unsigned int num = 0;
  39   1        TH0 = (65536-100)/256;      
  40   1        TL0 = (65536-100)%256;
  41   1        if(num < 200)
  42   1        {
  43   2          if(num < pwm_num)
  44   2            pwm = 1;
  45   2          else
  46   2            pwm = 0;
  47   2        }
  48   1        else
  49   1          num = 0;
  50   1        num += 1;
  51   1      }
  52          
  53          

C51 COMPILER V9.54   MIAN                                                                  09/25/2021 22:23:55 PAGE 2   


MODULE INFORMATION:   STATIC OVERLAYABLE
   CODE SIZE        =    138    ----
   CONSTANT SIZE    =   ----    ----
   XDATA SIZE       =   ----    ----
   PDATA SIZE       =   ----    ----
   DATA SIZE        =      4    ----
   IDATA SIZE       =   ----    ----
   BIT SIZE         =   ----    ----
END OF MODULE INFORMATION.


C51 COMPILATION COMPLETE.  0 WARNING(S),  0 ERROR(S)
