C51 COMPILER V9.54   USART                                                                 09/25/2021 22:23:56 PAGE 1   


C51 COMPILER V9.54, COMPILATION OF MODULE USART
OBJECT MODULE PLACED IN .\Objects\USART.obj
COMPILER INVOKED BY: C:\xuexigongju\keil\C51\BIN\C51.EXE USART.c OPTIMIZE(8,SPEED) BROWSE DEBUG OBJECTEXTEND PRINT(.\Lis
                    -tings\USART.lst) TABS(2) OBJECT(.\Objects\USART.obj)

line level    source

   1          #include "USART.h"
   2          #include "reg52.h"
   3          /**************
   4          串口初始化函数
   5          ***************/
   6          void  USART_Init(void)
   7          {
   8   1        EA = 1;
   9   1        TMOD |= 0X20; //设置定时器1工作方式为8位自动重装载
  10   1        TH1 = 0XFD;   //设置串口波特率为9600
  11   1        TL1 = 0XFD;
  12   1        SCON |= 0X40; //使用串口工作方式1
  13   1        PCON |= 0X00; //波特率不加倍
  14   1        REN = 1;//开启串口接收
  15   1        ES = 1; //开启串口中断
  16   1        TR1 = 1;    //开启定时器1
  17   1      }
  18          
  19          /*****************
  20          串口发送函数
  21          ******************/
  22          void Uart_Send(unsigned char  date)
  23          {
  24   1        TI = 0;
  25   1        SBUF = date;
  26   1        while(!TI);
  27   1        TI = 0;
  28   1      }
  29          
  30          
  31          unsigned char uart_state = 0x00;
  32          unsigned char uart_BUF[5] = {0};
  33          unsigned char i = 0;
  34          void  Uart_INT()  interrupt 4
  35          {
  36   1        unsigned char a;
  37   1        a = SBUF;
  38   1        if(uart_state == 0x00)  //未接收到信息
  39   1        {
  40   2          uart_BUF[i++] = a;
  41   2          if(uart_BUF[0] != 'R')  //如果接收到到的一组数据第一个为R继续接收若不是则清空这一组数据
  42   2            i = 0;
  43   2          if(i >= 5)
  44   2          {
  45   3            i = 0;
  46   3            uart_state |= 0x80;
  47   3          }
  48   2        }
  49   1        RI = 0;
  50   1      }
  51          


MODULE INFORMATION:   STATIC OVERLAYABLE
C51 COMPILER V9.54   USART                                                                 09/25/2021 22:23:56 PAGE 2   

   CODE SIZE        =     95    ----
   CONSTANT SIZE    =   ----    ----
   XDATA SIZE       =   ----    ----
   PDATA SIZE       =   ----    ----
   DATA SIZE        =      7    ----
   IDATA SIZE       =   ----    ----
   BIT SIZE         =   ----    ----
END OF MODULE INFORMATION.


C51 COMPILATION COMPLETE.  0 WARNING(S),  0 ERROR(S)
