C51 COMPILER V9.54   MPU_6050                                                              09/25/2021 20:00:00 PAGE 1   


C51 COMPILER V9.54, COMPILATION OF MODULE MPU_6050
OBJECT MODULE PLACED IN .\Objects\MPU_6050.obj
COMPILER INVOKED BY: C:\xuexigongju\keil\C51\BIN\C51.EXE MPU_6050.c OPTIMIZE(8,SPEED) BROWSE DEBUG OBJECTEXTEND PRINT(.\
                    -Listings\MPU_6050.lst) TABS(2) OBJECT(.\Objects\MPU_6050.obj)

line level    source

   1          #include "MPU_6050.h"
   2          #include "my_IIC.h"
   3          
   4          //******************************************************************************************************
   5          //初始化MPU6050
   6          //******************************************************************************************************
   7          void InitMPU6050()
   8          {
   9   1        Single_WriteI2C(SlaveAddress,PWR_MGMT_1, 0x00); //解除休眠状态
  10   1        Single_WriteI2C(SlaveAddress,SMPLRT_DIV, 0x07); //设置陀螺仪采样率为125hz
  11   1        Single_WriteI2C(SlaveAddress,CONFIG, 0x06);     //设置低通滤波频率为5hz
  12   1        Single_WriteI2C(SlaveAddress,GYRO_CONFIG, 0x18);
  13   1        Single_WriteI2C(SlaveAddress,ACCEL_CONFIG, 0x01);
  14   1      }
  15          
  16          /******************
  17          读取mpu6050数据
  18          *****************/
  19          _MPU6050_Data MPU6050_Data;
  20          void Read_Mpu6050(void)
  21          {
  22   1        unsigned char buffer[14];
  23   1        unsigned char i;
  24   1        for(i = 0;i < 14;i++)
  25   1        {
  26   2          buffer[i] = Single_ReadI2C(SlaveAddress,ACCEL_XOUT_H+i);  //读取mpu6050中的数据
  27   2        }
  28   1        MPU6050_Data.Acc_X = buffer[0]<<8 | buffer[1];
  29   1        MPU6050_Data.Acc_Y = buffer[2]<<8 | buffer[3];
  30   1        MPU6050_Data.Acc_Z = buffer[4]<<8 | buffer[5];
  31   1        MPU6050_Data.Temp  = (21 + (buffer[6]<<8 | buffer[7]) / 333.87);
  32   1        MPU6050_Data.Gyro_X = buffer[8]<<8 | buffer[9];
  33   1        MPU6050_Data.Gyro_Y = buffer[10]<<8 | buffer[11];
  34   1        MPU6050_Data.Gyro_Z = buffer[12]<<12 | buffer[13];
  35   1      
  36   1      }


MODULE INFORMATION:   STATIC OVERLAYABLE
   CODE SIZE        =    163    ----
   CONSTANT SIZE    =   ----    ----
   XDATA SIZE       =   ----    ----
   PDATA SIZE       =   ----    ----
   DATA SIZE        =     14      15
   IDATA SIZE       =   ----    ----
   BIT SIZE         =   ----    ----
END OF MODULE INFORMATION.


C51 COMPILATION COMPLETE.  0 WARNING(S),  0 ERROR(S)
