C51 COMPILER V9.54   USART                                                                 09/25/2021 17:15:45 PAGE 1   


C51 COMPILER V9.54, COMPILATION OF MODULE USART
OBJECT MODULE PLACED IN .\Objects\USART.obj
COMPILER INVOKED BY: C:\xuexigongju\keil\C51\BIN\C51.EXE USART.c OPTIMIZE(8,SPEED) BROWSE DEBUG OBJECTEXTEND PRINT(.\Lis
                    -tings\USART.lst) TABS(2) OBJECT(.\Objects\USART.obj)

line level    source

   1          #include "USART.h"
   2          #include "reg52.h"
   3          /**************
   4          串口初始化函数
   5          ***************/
   6          void  USART_Init(void)
   7          {
   8   1        TMOD |= 0X20; //设置定时器1工作方式为8位自动重装载
   9   1        TH1 = 0XF7;   //设置串口波特率为9600
  10   1        TL1 = 0XF7;
  11   1        SCON |= 0X40; //使用串口工作方式1
  12   1        PCON |= 0X00; //波特率不加倍
  13   1        TR1 = 1;    //开启定时器1
  14   1      }
  15          
  16          /*****************
  17          串口发送函数
  18          ******************/
  19          void Uart_Send(unsigned char  date)
  20          {
  21   1        TI = 0;
  22   1        SBUF = date;
  23   1        while(!TI);
  24   1        TI = 0;
  25   1      }


MODULE INFORMATION:   STATIC OVERLAYABLE
   CODE SIZE        =     25    ----
   CONSTANT SIZE    =   ----    ----
   XDATA SIZE       =   ----    ----
   PDATA SIZE       =   ----    ----
   DATA SIZE        =   ----    ----
   IDATA SIZE       =   ----    ----
   BIT SIZE         =   ----    ----
END OF MODULE INFORMATION.


C51 COMPILATION COMPLETE.  0 WARNING(S),  0 ERROR(S)
